TN:
SF:/Users/lizn/github/redux-retrieval/src/actions.js
FN:16,(anonymous_0)
FNF:1
FNH:1
FNDA:6,(anonymous_0)
DA:4,1
DA:16,6
DA:17,1
DA:18,1
DA:19,1
DA:20,1
DA:21,1
DA:23,1
DA:24,1
LF:9
LH:9
BRF:0
BRH:0
end_of_record
TN:
SF:/Users/lizn/github/redux-retrieval/src/conditions-helper.js
FN:1,attach
FN:2,(anonymous_1)
FN:15,update
FN:16,(anonymous_3)
FN:21,drop
FN:22,(anonymous_5)
FN:25,(anonymous_6)
FN:33,merge
FN:36,(anonymous_8)
FNF:9
FNH:9
FNDA:3,attach
FNDA:5,(anonymous_1)
FNDA:3,update
FNDA:5,(anonymous_3)
FNDA:3,drop
FNDA:6,(anonymous_5)
FNDA:3,(anonymous_6)
FNDA:9,merge
FNDA:16,(anonymous_8)
DA:2,3
DA:3,5
DA:4,4
DA:5,1
DA:7,3
DA:10,1
DA:16,3
DA:17,5
DA:22,3
DA:23,6
DA:24,5
DA:25,3
DA:27,3
DA:34,9
DA:36,9
DA:37,16
DA:40,9
LF:17
LH:17
BRDA:3,0,0,4
BRDA:3,0,1,1
BRDA:4,1,0,1
BRDA:4,1,1,3
BRDA:23,2,0,5
BRDA:23,2,1,1
BRDA:24,3,0,2
BRDA:24,3,1,3
BRF:8
BRH:8
end_of_record
TN:
SF:/Users/lizn/github/redux-retrieval/src/errors.js
FN:1,error
FN:5,actionError
FNF:2
FNH:2
FNDA:1,error
FNDA:1,actionError
DA:2,1
DA:6,1
LF:2
LH:2
BRF:0
BRH:0
end_of_record
TN:
SF:/Users/lizn/github/redux-retrieval/src/reducers.js
FN:3,retrievedConditions
FN:12,retrievedResult
FN:21,asyncProcessing
FNF:3
FNH:3
FNDA:2,retrievedConditions
FNDA:2,retrievedResult
FNDA:3,asyncProcessing
DA:4,2
DA:6,1
DA:8,1
DA:13,2
DA:15,1
DA:17,1
DA:22,3
DA:24,1
DA:26,1
DA:28,1
LF:10
LH:10
BRDA:3,0,0,1
BRDA:3,1,0,1
BRDA:4,2,0,1
BRDA:4,2,1,1
BRDA:12,3,0,1
BRDA:12,4,0,1
BRDA:13,5,0,1
BRDA:13,5,1,1
BRDA:21,6,0,1
BRDA:21,7,0,1
BRDA:22,8,0,1
BRDA:22,8,1,1
BRDA:22,8,2,1
BRF:13
BRH:13
end_of_record
TN:
SF:/Users/lizn/github/redux-retrieval/src/sagas.js
FN:15,(anonymous_0)
FN:25,watchRetrievalActions
FN:34,retrieve
FN:47,handleRetrieve
FN:78,handleReRetrieve
FN:83,handleTurnPage
FN:91,createPaginationParams
FN:97,resetPaginationParams
FNF:8
FNH:8
FNDA:1,(anonymous_0)
FNDA:2,watchRetrievalActions
FNDA:2,retrieve
FNDA:6,handleRetrieve
FNDA:1,handleReRetrieve
FNDA:1,handleTurnPage
FNDA:5,createPaginationParams
FNDA:4,resetPaginationParams
DA:13,1
DA:15,1
DA:26,2
DA:27,2
DA:35,2
DA:36,2
DA:37,2
DA:38,1
DA:39,1
DA:41,1
DA:43,2
DA:48,6
DA:51,6
DA:52,5
DA:54,4
DA:55,1
DA:56,3
DA:57,1
DA:58,2
DA:59,1
DA:61,1
DA:69,1
DA:72,4
DA:79,1
DA:80,1
DA:84,1
DA:85,1
DA:92,5
DA:98,4
LF:29
LH:29
BRDA:25,0,0,1
BRDA:51,1,0,5
BRDA:51,1,1,1
BRDA:51,2,0,6
BRDA:51,2,1,5
BRDA:54,3,0,1
BRDA:54,3,1,3
BRDA:56,4,0,1
BRDA:56,4,1,2
BRDA:58,5,0,1
BRDA:58,5,1,1
BRF:11
BRH:11
end_of_record
TN:
SF:/Users/lizn/github/redux-retrieval/src/types.js
FN:1,types
FN:4,(anonymous_1)
FNF:2
FNH:2
FNDA:1,types
FNDA:8,(anonymous_1)
DA:2,1
DA:4,1
DA:5,8
DA:8,1
LF:4
LH:4
BRF:0
BRH:0
end_of_record
